2018-03-20 19:48:09 - DEBUG: Logging started.
2018-03-20 19:48:09 - DEBUG: Adding text to .seq file: 
! This .seq file was created by the AutoV automation class. 
! How to run me: C:\CODEV105_FCS\codev.exe E:\ownCloud\optics\autov\seq\script.seq

2018-03-20 19:48:09 - INFO: md5sum match: AdvACT_HF_v31_20150416.seq
2018-03-20 19:48:09 - INFO: Match indicates file unmodified, proceeding with script.
2018-03-20 19:48:09 - INFO: md5sum match: ACTPol_150GHz_v28_optical_filter_aperture_study_20110809.seq
2018-03-20 19:48:09 - INFO: Match indicates file unmodified, proceeding with script.
2018-03-20 19:48:09 - INFO: md5sum match: ACTPol_90GHz_v29_optical_filter_aperture_study_20111204.seq
2018-03-20 19:48:09 - INFO: Match indicates file unmodified, proceeding with script.
2018-03-20 19:48:09 - INFO: Loaded clean lens ACTPol_150GHz_v28_optical_filter_aperture_study_20110809.seq
2018-03-20 19:48:09 - DEBUG: Adding text to .seq file: 
! Load a clean copy of the optical design.
in "E:\ownCloud\optics\len\clean_copies\ACTPol_150GHz_v28_optical_filter_aperture_study_20110809.seq"
! PA1/4 needs to have optics mirrored from PA2 clean copy.
XDE S8 -16.1
XDE S15 -0.2
XDE S24 -0.2
XDE S25 -0.2
XDE S29 -0.2
XDE S30 -0.4338
XDE S36 -0.9184880045643
XDE S38 -0.9184880045643
XDE S39 -1.38151498554729
XDE S41 -1.38151498554729
XDE S42 -1.6
! can't forget your beta tilts!
BDE S30 2.914
BDE S42 4.039980255467

2018-03-20 19:48:09 - INFO: Removed glass definitions from surfaces [6, 9, 11, 13, 15, 17, 19, 21, 23, 25, 27, 34]
2018-03-20 19:48:09 - DEBUG: Adding text to .seq file: 
! automated glass defintion removal
GL1 S6
GL1 S9
GL1 S11
GL1 S13
GL1 S15
GL1 S17
GL1 S19
GL1 S21
GL1 S23
GL1 S25
GL1 S27
GL1 S34

2018-03-20 19:48:09 - INFO: Applied .mul coating E:\ownCloud\optics\mul\hf\three_layer_coating_152_183_296.mul to S32
2018-03-20 19:48:09 - INFO: Applied .mul coating E:\ownCloud\optics\mul\hf\three_layer_coating_152_183_296.mul to S33
2018-03-20 19:48:09 - INFO: Applied .mul coating E:\ownCloud\optics\mul\hf\three_layer_coating_152_183_296.mul to S36
2018-03-20 19:48:09 - INFO: Applied .mul coating E:\ownCloud\optics\mul\hf\three_layer_coating_152_183_296.mul to S37
2018-03-20 19:48:09 - INFO: Applied .mul coating E:\ownCloud\optics\mul\hf\three_layer_coating_152_183_296.mul to S39
2018-03-20 19:48:09 - INFO: Applied .mul coating E:\ownCloud\optics\mul\hf\three_layer_coating_152_183_296.mul to S40
2018-03-20 19:48:09 - DEBUG: Adding text to .seq file: 
! apply MUL coating
MLT S32 E:\ownCloud\optics\mul\hf\three_layer_coating_152_183_296.mul
MLT S33 E:\ownCloud\optics\mul\hf\three_layer_coating_152_183_296.mul
MLT S36 E:\ownCloud\optics\mul\hf\three_layer_coating_152_183_296.mul
MLT S37 E:\ownCloud\optics\mul\hf\three_layer_coating_152_183_296.mul
MLT S39 E:\ownCloud\optics\mul\hf\three_layer_coating_152_183_296.mul
MLT S40 E:\ownCloud\optics\mul\hf\three_layer_coating_152_183_296.mul

2018-03-20 19:48:09 - INFO: Wavelengths set to [1998616]
2018-03-20 19:48:09 - INFO: Reference wavelength set to 1998616
2018-03-20 19:48:09 - DEBUG: Adding text to .seq file: 
! modify wavelengths
DEL W0+1
DEL W0+1
WL W1 1998616
WTW W1 1
REF 1
WTW W1 1

2018-03-20 19:48:09 - DEBUG: Adding text to .seq file: 
! Changing decenter type on surface 4
DAR S4

2018-03-20 19:48:09 - DEBUG: Setting decenter type ADE to value: 0.1
2018-03-20 19:48:09 - DEBUG: Adding text to .seq file: 
! Apply Decenter to surface 4.
ADE S4 0.1

2018-03-20 19:48:09 - INFO: Fields set.
2018-03-20 19:48:09 - DEBUG: Adding text to .seq file: 
! set fields
! set field x values
in CV_MACRO:cvsetfield X 0.625 F1
in CV_MACRO:cvsetfield X 0.7933 F2
in CV_MACRO:cvsetfield X 0.625 F3
in CV_MACRO:cvsetfield X 0.4567 F4
in CV_MACRO:cvsetfield X 0.625 F5
in CV_MACRO:cvsetfield X 0.9617 F6
in CV_MACRO:cvsetfield X 0.8631 F7
in CV_MACRO:cvsetfield X 0.625 F8
in CV_MACRO:cvsetfield X 0.3869 F9
in CV_MACRO:cvsetfield X 0.2883 F10
in CV_MACRO:cvsetfield X 0.3869 F11
in CV_MACRO:cvsetfield X 0.625 F12
in CV_MACRO:cvsetfield X 0.8631 F13
in CV_MACRO:cvsetfield X 1.13 F14
in CV_MACRO:cvsetfield X 1.0623 F15
in CV_MACRO:cvsetfield X 0.8775 F16
in CV_MACRO:cvsetfield X 0.625 F17
in CV_MACRO:cvsetfield X 0.3725 F18
in CV_MACRO:cvsetfield X 0.1877 F19
in CV_MACRO:cvsetfield X 0.12 F20
in CV_MACRO:cvsetfield X 0.1877 F21
in CV_MACRO:cvsetfield X 0.3725 F22
in CV_MACRO:cvsetfield X 0.625 F23
in CV_MACRO:cvsetfield X 0.8775 F24
in CV_MACRO:cvsetfield X 1.0623 F25
! set field y values
in CV_MACRO:cvsetfield Y 0.48 F1
in CV_MACRO:cvsetfield Y 0.48 F2
in CV_MACRO:cvsetfield Y 0.6483 F3
in CV_MACRO:cvsetfield Y 0.48 F4
in CV_MACRO:cvsetfield Y 0.3117 F5
in CV_MACRO:cvsetfield Y 0.48 F6
in CV_MACRO:cvsetfield Y 0.7181 F7
in CV_MACRO:cvsetfield Y 0.8167 F8
in CV_MACRO:cvsetfield Y 0.7181 F9
in CV_MACRO:cvsetfield Y 0.48 F10
in CV_MACRO:cvsetfield Y 0.2419 F11
in CV_MACRO:cvsetfield Y 0.1433 F12
in CV_MACRO:cvsetfield Y 0.2419 F13
in CV_MACRO:cvsetfield Y 0.48 F14
in CV_MACRO:cvsetfield Y 0.7325 F15
in CV_MACRO:cvsetfield Y 0.9173 F16
in CV_MACRO:cvsetfield Y 0.985 F17
in CV_MACRO:cvsetfield Y 0.9173 F18
in CV_MACRO:cvsetfield Y 0.7325 F19
in CV_MACRO:cvsetfield Y 0.48 F20
in CV_MACRO:cvsetfield Y 0.2275 F21
in CV_MACRO:cvsetfield Y 0.0427 F22
in CV_MACRO:cvsetfield Y -0.025 F23
in CV_MACRO:cvsetfield Y 0.0427 F24
in CV_MACRO:cvsetfield Y 0.2275 F25
! set polarization fraction of all fields to 1
PFR F1 1
PFR F2 1
PFR F3 1
PFR F4 1
PFR F5 1
PFR F6 1
PFR F7 1
PFR F8 1
PFR F9 1
PFR F10 1
PFR F11 1
PFR F12 1
PFR F13 1
PFR F14 1
PFR F15 1
PFR F16 1
PFR F17 1
PFR F18 1
PFR F19 1
PFR F20 1
PFR F21 1
PFR F22 1
PFR F23 1
PFR F24 1
PFR F25 1
! set weights to 1 for all fields
WTF F1 1
WTF F2 1
WTF F3 1
WTF F4 1
WTF F5 1
WTF F6 1
WTF F7 1
WTF F8 1
WTF F9 1
WTF F10 1
WTF F11 1
WTF F12 1
WTF F13 1
WTF F14 1
WTF F15 1
WTF F16 1
WTF F17 1
WTF F18 1
WTF F19 1
WTF F20 1
WTF F21 1
WTF F22 1
WTF F23 1
WTF F24 1
WTF F25 1

2018-03-20 19:48:09 - INFO: Vignetting set
2018-03-20 19:48:09 - DEBUG: Adding text to .seq file: 
! set vignetting
run C:\CODEV105_FCS\macro\setvig.seq 1e-007 0.1 100 NO ;GO

2018-03-20 19:48:09 - INFO: Polarization sensitive ray trace enabled
2018-03-20 19:48:09 - DEBUG: Adding text to .seq file: 
! activate polarization ray tracing
POL YES

2018-03-20 19:48:09 - INFO: Semi-aperture of image surface increased for poldsp
2018-03-20 19:48:09 - DEBUG: Adding text to .seq file: 
! Modify Semi-Aperture of Image surface for poldsp output
CIR S42 8

2018-03-20 19:48:09 - INFO: Exit .seq inserted
2018-03-20 19:48:09 - DEBUG: Adding text to .seq file: 
! exit without prompt when finished
exit y

2018-03-20 19:48:09 - INFO: Calling codev.exe
